{"D:\\My Files\\Projects_2026\\HDEMY_FH\\React\\react-gifs-app\\src\\GifsApp.tsx": {"path":"D:\\My Files\\Projects_2026\\HDEMY_FH\\React\\react-gifs-app\\src\\GifsApp.tsx","statementMap":{"0":{"start":{"line":7,"column":23},"end":{"line":35,"column":null}},"1":{"start":{"line":8,"column":64},"end":{"line":8,"column":null}},"2":{"start":{"line":10,"column":2},"end":{"line":32,"column":null}},"3":{"start":{"line":22,"column":36},"end":{"line":22,"column":null}}},"fnMap":{"0":{"name":"(anonymous_0)","decl":{"start":{"line":7,"column":23},"end":{"line":7,"column":null}},"loc":{"start":{"line":7,"column":23},"end":{"line":35,"column":null}},"line":7},"1":{"name":"(anonymous_1)","decl":{"start":{"line":22,"column":17},"end":{"line":22,"column":18}},"loc":{"start":{"line":22,"column":36},"end":{"line":22,"column":null}},"line":22}},"branchMap":{},"s":{"0":1,"1":1,"2":1,"3":0},"f":{"0":1,"1":0},"b":{},"meta":{"lastBranch":0,"lastFunction":2,"lastStatement":4,"seen":{"s:7:23:35:Infinity":0,"f:7:23:7:Infinity":0,"s:8:64:8:Infinity":1,"s:10:2:32:Infinity":2,"f:22:17:22:18":1,"s:22:36:22:Infinity":3}}}
,"D:\\My Files\\Projects_2026\\HDEMY_FH\\React\\react-gifs-app\\src\\counter\\components\\MyCounterApp.tsx": {"path":"D:\\My Files\\Projects_2026\\HDEMY_FH\\React\\react-gifs-app\\src\\counter\\components\\MyCounterApp.tsx","statementMap":{"0":{"start":{"line":3,"column":28},"end":{"line":33,"column":null}},"1":{"start":{"line":5,"column":59},"end":{"line":5,"column":null}},"2":{"start":{"line":7,"column":2},"end":{"line":29,"column":null}}},"fnMap":{"0":{"name":"(anonymous_0)","decl":{"start":{"line":3,"column":28},"end":{"line":3,"column":null}},"loc":{"start":{"line":3,"column":28},"end":{"line":33,"column":null}},"line":3}},"branchMap":{},"s":{"0":2,"1":9,"2":9},"f":{"0":9},"b":{},"meta":{"lastBranch":0,"lastFunction":1,"lastStatement":3,"seen":{"s:3:28:33:Infinity":0,"f:3:28:3:Infinity":0,"s:5:59:5:Infinity":1,"s:7:2:29:Infinity":2}}}
,"D:\\My Files\\Projects_2026\\HDEMY_FH\\React\\react-gifs-app\\src\\counter\\hooks\\useCounter.tsx": {"path":"D:\\My Files\\Projects_2026\\HDEMY_FH\\React\\react-gifs-app\\src\\counter\\hooks\\useCounter.tsx","statementMap":{"0":{"start":{"line":3,"column":26},"end":{"line":21,"column":null}},"1":{"start":{"line":4,"column":29},"end":{"line":4,"column":null}},"2":{"start":{"line":6,"column":20},"end":{"line":6,"column":null}},"3":{"start":{"line":6,"column":26},"end":{"line":6,"column":null}},"4":{"start":{"line":7,"column":25},"end":{"line":9,"column":null}},"5":{"start":{"line":8,"column":4},"end":{"line":8,"column":null}},"6":{"start":{"line":8,"column":30},"end":{"line":8,"column":null}},"7":{"start":{"line":10,"column":22},"end":{"line":10,"column":null}},"8":{"start":{"line":10,"column":28},"end":{"line":10,"column":null}},"9":{"start":{"line":12,"column":2},"end":{"line":20,"column":null}}},"fnMap":{"0":{"name":"(anonymous_0)","decl":{"start":{"line":3,"column":26},"end":{"line":3,"column":27}},"loc":{"start":{"line":3,"column":52},"end":{"line":21,"column":null}},"line":3},"1":{"name":"(anonymous_1)","decl":{"start":{"line":6,"column":20},"end":{"line":6,"column":26}},"loc":{"start":{"line":6,"column":26},"end":{"line":6,"column":null}},"line":6},"2":{"name":"(anonymous_2)","decl":{"start":{"line":7,"column":25},"end":{"line":7,"column":null}},"loc":{"start":{"line":7,"column":25},"end":{"line":9,"column":null}},"line":7},"3":{"name":"(anonymous_3)","decl":{"start":{"line":8,"column":15},"end":{"line":8,"column":16}},"loc":{"start":{"line":8,"column":30},"end":{"line":8,"column":null}},"line":8},"4":{"name":"(anonymous_4)","decl":{"start":{"line":10,"column":22},"end":{"line":10,"column":28}},"loc":{"start":{"line":10,"column":28},"end":{"line":10,"column":null}},"line":10}},"branchMap":{"0":{"loc":{"start":{"line":3,"column":27},"end":{"line":3,"column":52}},"type":"default-arg","locations":[{"start":{"line":3,"column":50},"end":{"line":3,"column":52}}],"line":3}},"s":{"0":2,"1":15,"2":15,"3":5,"4":15,"5":2,"6":2,"7":15,"8":1,"9":15},"f":{"0":15,"1":5,"2":2,"3":2,"4":1},"b":{"0":[15]},"meta":{"lastBranch":1,"lastFunction":5,"lastStatement":10,"seen":{"s:3:26:21:Infinity":0,"f:3:26:3:27":0,"b:3:50:3:52":0,"s:4:29:4:Infinity":1,"s:6:20:6:Infinity":2,"f:6:20:6:26":1,"s:6:26:6:Infinity":3,"s:7:25:9:Infinity":4,"f:7:25:7:Infinity":2,"s:8:4:8:Infinity":5,"f:8:15:8:16":3,"s:8:30:8:Infinity":6,"s:10:22:10:Infinity":7,"f:10:22:10:28":4,"s:10:28:10:Infinity":8,"s:12:2:20:Infinity":9}}}
,"D:\\My Files\\Projects_2026\\HDEMY_FH\\React\\react-gifs-app\\src\\gifs\\actions\\get-gifs-by-query.action.ts": {"path":"D:\\My Files\\Projects_2026\\HDEMY_FH\\React\\react-gifs-app\\src\\gifs\\actions\\get-gifs-by-query.action.ts","statementMap":{"0":{"start":{"line":6,"column":30},"end":{"line":29,"column":null}},"1":{"start":{"line":7,"column":2},"end":{"line":7,"column":null}},"2":{"start":{"line":7,"column":33},"end":{"line":7,"column":null}},"3":{"start":{"line":9,"column":2},"end":{"line":28,"column":null}},"4":{"start":{"line":10,"column":21},"end":{"line":15,"column":null}},"5":{"start":{"line":17,"column":4},"end":{"line":23,"column":null}},"6":{"start":{"line":17,"column":44},"end":{"line":23,"column":null}},"7":{"start":{"line":26,"column":4},"end":{"line":26,"column":null}},"8":{"start":{"line":27,"column":4},"end":{"line":27,"column":null}}},"fnMap":{"0":{"name":"(anonymous_0)","decl":{"start":{"line":6,"column":30},"end":{"line":6,"column":37}},"loc":{"start":{"line":6,"column":37},"end":{"line":29,"column":null}},"line":6},"1":{"name":"(anonymous_1)","decl":{"start":{"line":17,"column":34},"end":{"line":17,"column":35}},"loc":{"start":{"line":17,"column":44},"end":{"line":23,"column":null}},"line":17}},"branchMap":{"0":{"loc":{"start":{"line":7,"column":2},"end":{"line":7,"column":null}},"type":"if","locations":[{"start":{"line":7,"column":2},"end":{"line":7,"column":null}},{"start":{},"end":{}}],"line":7}},"s":{"0":3,"1":6,"2":1,"3":5,"4":5,"5":4,"6":40,"7":1,"8":1},"f":{"0":6,"1":40},"b":{"0":[1,5]},"meta":{"lastBranch":1,"lastFunction":2,"lastStatement":9,"seen":{"s:6:30:29:Infinity":0,"f:6:30:6:37":0,"b:7:2:7:Infinity:undefined:undefined:undefined:undefined":0,"s:7:2:7:Infinity":1,"s:7:33:7:Infinity":2,"s:9:2:28:Infinity":3,"s:10:21:15:Infinity":4,"s:17:4:23:Infinity":5,"f:17:34:17:35":1,"s:17:44:23:Infinity":6,"s:26:4:26:Infinity":7,"s:27:4:27:Infinity":8}}}
,"D:\\My Files\\Projects_2026\\HDEMY_FH\\React\\react-gifs-app\\src\\gifs\\api\\giphy.api.ts": {"path":"D:\\My Files\\Projects_2026\\HDEMY_FH\\React\\react-gifs-app\\src\\gifs\\api\\giphy.api.ts","statementMap":{"0":{"start":{"line":3,"column":24},"end":{"line":9,"column":null}}},"fnMap":{},"branchMap":{},"s":{"0":4},"f":{},"b":{},"meta":{"lastBranch":0,"lastFunction":0,"lastStatement":1,"seen":{"s:3:24:9:Infinity":0}}}
,"D:\\My Files\\Projects_2026\\HDEMY_FH\\React\\react-gifs-app\\src\\gifs\\components\\GifList.tsx": {"path":"D:\\My Files\\Projects_2026\\HDEMY_FH\\React\\react-gifs-app\\src\\gifs\\components\\GifList.tsx","statementMap":{"0":{"start":{"line":8,"column":34},"end":{"line":22,"column":null}},"1":{"start":{"line":9,"column":2},"end":{"line":12,"column":null}},"2":{"start":{"line":11,"column":17},"end":{"line":12,"column":null}}},"fnMap":{"0":{"name":"(anonymous_0)","decl":{"start":{"line":8,"column":34},"end":{"line":8,"column":35}},"loc":{"start":{"line":8,"column":43},"end":{"line":22,"column":null}},"line":8},"1":{"name":"(anonymous_1)","decl":{"start":{"line":11,"column":16},"end":{"line":11,"column":17}},"loc":{"start":{"line":11,"column":17},"end":{"line":12,"column":null}},"line":11}},"branchMap":{},"s":{"0":1,"1":1,"2":0},"f":{"0":1,"1":0},"b":{},"meta":{"lastBranch":0,"lastFunction":2,"lastStatement":3,"seen":{"s:8:34:22:Infinity":0,"f:8:34:8:35":0,"s:9:2:12:Infinity":1,"f:11:16:11:17":1,"s:11:17:12:Infinity":2}}}
,"D:\\My Files\\Projects_2026\\HDEMY_FH\\React\\react-gifs-app\\src\\gifs\\components\\PreviousSearches.tsx": {"path":"D:\\My Files\\Projects_2026\\HDEMY_FH\\React\\react-gifs-app\\src\\gifs\\components\\PreviousSearches.tsx","statementMap":{"0":{"start":{"line":9,"column":43},"end":{"line":23,"column":null}},"1":{"start":{"line":10,"column":2},"end":{"line":16,"column":null}},"2":{"start":{"line":14,"column":23},"end":{"line":16,"column":null}},"3":{"start":{"line":17,"column":27},"end":{"line":17,"column":null}}},"fnMap":{"0":{"name":"(anonymous_0)","decl":{"start":{"line":9,"column":43},"end":{"line":9,"column":44}},"loc":{"start":{"line":9,"column":72},"end":{"line":23,"column":null}},"line":9},"1":{"name":"(anonymous_1)","decl":{"start":{"line":14,"column":22},"end":{"line":14,"column":23}},"loc":{"start":{"line":14,"column":23},"end":{"line":16,"column":null}},"line":14},"2":{"name":"(anonymous_2)","decl":{"start":{"line":17,"column":21},"end":{"line":17,"column":27}},"loc":{"start":{"line":17,"column":27},"end":{"line":17,"column":null}},"line":17}},"branchMap":{},"s":{"0":1,"1":1,"2":0,"3":0},"f":{"0":1,"1":0,"2":0},"b":{},"meta":{"lastBranch":0,"lastFunction":3,"lastStatement":4,"seen":{"s:9:43:23:Infinity":0,"f:9:43:9:44":0,"s:10:2:16:Infinity":1,"f:14:22:14:23":1,"s:14:23:16:Infinity":2,"f:17:21:17:27":2,"s:17:27:17:Infinity":3}}}
,"D:\\My Files\\Projects_2026\\HDEMY_FH\\React\\react-gifs-app\\src\\gifs\\hooks\\useGifs.tsx": {"path":"D:\\My Files\\Projects_2026\\HDEMY_FH\\React\\react-gifs-app\\src\\gifs\\hooks\\useGifs.tsx","statementMap":{"0":{"start":{"line":9,"column":23},"end":{"line":52,"column":null}},"1":{"start":{"line":10,"column":23},"end":{"line":10,"column":null}},"2":{"start":{"line":11,"column":41},"end":{"line":11,"column":null}},"3":{"start":{"line":14,"column":8},"end":{"line":14,"column":null}},"4":{"start":{"line":16,"column":28},"end":{"line":26,"column":null}},"5":{"start":{"line":17,"column":4},"end":{"line":20,"column":null}},"6":{"start":{"line":18,"column":6},"end":{"line":18,"column":null}},"7":{"start":{"line":19,"column":6},"end":{"line":19,"column":null}},"8":{"start":{"line":22,"column":17},"end":{"line":22,"column":null}},"9":{"start":{"line":24,"column":4},"end":{"line":24,"column":null}},"10":{"start":{"line":25,"column":4},"end":{"line":25,"column":null}},"11":{"start":{"line":28,"column":23},"end":{"line":43,"column":null}},"12":{"start":{"line":29,"column":4},"end":{"line":29,"column":null}},"13":{"start":{"line":31,"column":4},"end":{"line":31,"column":null}},"14":{"start":{"line":31,"column":61},"end":{"line":31,"column":null}},"15":{"start":{"line":35,"column":4},"end":{"line":35,"column":null}},"16":{"start":{"line":37,"column":17},"end":{"line":37,"column":null}},"17":{"start":{"line":39,"column":4},"end":{"line":39,"column":null}},"18":{"start":{"line":41,"column":4},"end":{"line":41,"column":null}},"19":{"start":{"line":44,"column":2},"end":{"line":51,"column":null}}},"fnMap":{"0":{"name":"(anonymous_0)","decl":{"start":{"line":9,"column":23},"end":{"line":9,"column":null}},"loc":{"start":{"line":9,"column":23},"end":{"line":52,"column":null}},"line":9},"1":{"name":"(anonymous_1)","decl":{"start":{"line":16,"column":28},"end":{"line":16,"column":35}},"loc":{"start":{"line":16,"column":35},"end":{"line":26,"column":null}},"line":16},"2":{"name":"(anonymous_2)","decl":{"start":{"line":28,"column":23},"end":{"line":28,"column":30}},"loc":{"start":{"line":28,"column":48},"end":{"line":43,"column":null}},"line":28}},"branchMap":{"0":{"loc":{"start":{"line":17,"column":4},"end":{"line":20,"column":null}},"type":"if","locations":[{"start":{"line":17,"column":4},"end":{"line":20,"column":null}},{"start":{},"end":{}}],"line":17},"1":{"loc":{"start":{"line":28,"column":30},"end":{"line":28,"column":48}},"type":"default-arg","locations":[{"start":{"line":28,"column":46},"end":{"line":28,"column":48}}],"line":28},"2":{"loc":{"start":{"line":31,"column":4},"end":{"line":31,"column":null}},"type":"if","locations":[{"start":{"line":31,"column":4},"end":{"line":31,"column":null}},{"start":{},"end":{}}],"line":31},"3":{"loc":{"start":{"line":31,"column":8},"end":{"line":31,"column":61}},"type":"binary-expr","locations":[{"start":{"line":31,"column":8},"end":{"line":31,"column":30}},{"start":{"line":31,"column":30},"end":{"line":31,"column":61}}],"line":31}},"s":{"0":2,"1":19,"2":19,"3":19,"4":19,"5":3,"6":1,"7":1,"8":2,"9":2,"10":2,"11":19,"12":10,"13":10,"14":0,"15":10,"16":10,"17":10,"18":10,"19":19},"f":{"0":19,"1":3,"2":10},"b":{"0":[1,2],"1":[10],"2":[0,10],"3":[10,10]},"meta":{"lastBranch":4,"lastFunction":3,"lastStatement":20,"seen":{"s:9:23:52:Infinity":0,"f:9:23:9:Infinity":0,"s:10:23:10:Infinity":1,"s:11:41:11:Infinity":2,"s:14:8:14:Infinity":3,"s:16:28:26:Infinity":4,"f:16:28:16:35":1,"b:17:4:20:Infinity:undefined:undefined:undefined:undefined":0,"s:17:4:20:Infinity":5,"s:18:6:18:Infinity":6,"s:19:6:19:Infinity":7,"s:22:17:22:Infinity":8,"s:24:4:24:Infinity":9,"s:25:4:25:Infinity":10,"s:28:23:43:Infinity":11,"f:28:23:28:30":2,"b:28:46:28:48":1,"s:29:4:29:Infinity":12,"b:31:4:31:Infinity:undefined:undefined:undefined:undefined":2,"s:31:4:31:Infinity":13,"b:31:8:31:30:31:30:31:61":3,"s:31:61:31:Infinity":14,"s:35:4:35:Infinity":15,"s:37:17:37:Infinity":16,"s:39:4:39:Infinity":17,"s:41:4:41:Infinity":18,"s:44:2:51:Infinity":19}}}
,"D:\\My Files\\Projects_2026\\HDEMY_FH\\React\\react-gifs-app\\src\\shared\\components\\CustomHeader.tsx": {"path":"D:\\My Files\\Projects_2026\\HDEMY_FH\\React\\react-gifs-app\\src\\shared\\components\\CustomHeader.tsx","statementMap":{"0":{"start":{"line":6,"column":28},"end":{"line":13,"column":null}},"1":{"start":{"line":7,"column":2},"end":{"line":10,"column":null}}},"fnMap":{"0":{"name":"(anonymous_0)","decl":{"start":{"line":6,"column":28},"end":{"line":6,"column":29}},"loc":{"start":{"line":6,"column":58},"end":{"line":13,"column":null}},"line":6}},"branchMap":{"0":{"loc":{"start":{"line":10,"column":7},"end":{"line":10,"column":null}},"type":"binary-expr","locations":[{"start":{"line":10,"column":7},"end":{"line":10,"column":22}},{"start":{"line":10,"column":7},"end":{"line":10,"column":null}}],"line":10}},"s":{"0":2,"1":4},"f":{"0":4},"b":{"0":[4,2]},"meta":{"lastBranch":1,"lastFunction":1,"lastStatement":2,"seen":{"s:6:28:13:Infinity":0,"f:6:28:6:29":0,"s:7:2:10:Infinity":1,"b:10:7:10:22:10:7:10:Infinity":0}}}
,"D:\\My Files\\Projects_2026\\HDEMY_FH\\React\\react-gifs-app\\src\\shared\\components\\SearchBar.tsx": {"path":"D:\\My Files\\Projects_2026\\HDEMY_FH\\React\\react-gifs-app\\src\\shared\\components\\SearchBar.tsx","statementMap":{"0":{"start":{"line":8,"column":25},"end":{"line":46,"column":null}},"1":{"start":{"line":9,"column":25},"end":{"line":9,"column":null}},"2":{"start":{"line":11,"column":2},"end":{"line":19,"column":null}},"3":{"start":{"line":12,"column":22},"end":{"line":14,"column":null}},"4":{"start":{"line":13,"column":6},"end":{"line":13,"column":null}},"5":{"start":{"line":16,"column":4},"end":{"line":18,"column":null}},"6":{"start":{"line":17,"column":6},"end":{"line":17,"column":null}},"7":{"start":{"line":21,"column":23},"end":{"line":24,"column":null}},"8":{"start":{"line":22,"column":4},"end":{"line":22,"column":null}},"9":{"start":{"line":26,"column":24},"end":{"line":30,"column":null}},"10":{"start":{"line":27,"column":4},"end":{"line":29,"column":null}},"11":{"start":{"line":28,"column":6},"end":{"line":28,"column":null}},"12":{"start":{"line":32,"column":2},"end":{"line":41,"column":null}},"13":{"start":{"line":38,"column":29},"end":{"line":38,"column":null}}},"fnMap":{"0":{"name":"(anonymous_0)","decl":{"start":{"line":8,"column":25},"end":{"line":8,"column":26}},"loc":{"start":{"line":8,"column":71},"end":{"line":46,"column":null}},"line":8},"1":{"name":"(anonymous_1)","decl":{"start":{"line":11,"column":12},"end":{"line":11,"column":null}},"loc":{"start":{"line":11,"column":12},"end":{"line":19,"column":5}},"line":11},"2":{"name":"(anonymous_2)","decl":{"start":{"line":12,"column":33},"end":{"line":12,"column":null}},"loc":{"start":{"line":12,"column":33},"end":{"line":14,"column":7}},"line":12},"3":{"name":"(anonymous_3)","decl":{"start":{"line":16,"column":11},"end":{"line":16,"column":null}},"loc":{"start":{"line":16,"column":11},"end":{"line":18,"column":null}},"line":16},"4":{"name":"(anonymous_4)","decl":{"start":{"line":21,"column":23},"end":{"line":21,"column":null}},"loc":{"start":{"line":21,"column":23},"end":{"line":24,"column":null}},"line":21},"5":{"name":"(anonymous_5)","decl":{"start":{"line":26,"column":24},"end":{"line":26,"column":25}},"loc":{"start":{"line":26,"column":25},"end":{"line":30,"column":null}},"line":26},"6":{"name":"(anonymous_6)","decl":{"start":{"line":38,"column":18},"end":{"line":38,"column":19}},"loc":{"start":{"line":38,"column":29},"end":{"line":38,"column":null}},"line":38}},"branchMap":{"0":{"loc":{"start":{"line":8,"column":28},"end":{"line":8,"column":53}},"type":"default-arg","locations":[{"start":{"line":8,"column":42},"end":{"line":8,"column":53}}],"line":8},"1":{"loc":{"start":{"line":27,"column":4},"end":{"line":29,"column":null}},"type":"if","locations":[{"start":{"line":27,"column":4},"end":{"line":29,"column":null}},{"start":{},"end":{}}],"line":27}},"s":{"0":2,"1":14,"2":14,"3":14,"4":2,"5":14,"6":14,"7":14,"8":2,"9":14,"10":1,"11":1,"12":14,"13":7},"f":{"0":14,"1":14,"2":2,"3":14,"4":2,"5":1,"6":7},"b":{"0":[14],"1":[1,0]},"meta":{"lastBranch":2,"lastFunction":7,"lastStatement":14,"seen":{"s:8:25:46:Infinity":0,"f:8:25:8:26":0,"b:8:42:8:53":0,"s:9:25:9:Infinity":1,"s:11:2:19:Infinity":2,"f:11:12:11:Infinity":1,"s:12:22:14:Infinity":3,"f:12:33:12:Infinity":2,"s:13:6:13:Infinity":4,"s:16:4:18:Infinity":5,"f:16:11:16:Infinity":3,"s:17:6:17:Infinity":6,"s:21:23:24:Infinity":7,"f:21:23:21:Infinity":4,"s:22:4:22:Infinity":8,"s:26:24:30:Infinity":9,"f:26:24:26:25":5,"b:27:4:29:Infinity:undefined:undefined:undefined:undefined":1,"s:27:4:29:Infinity":10,"s:28:6:28:Infinity":11,"s:32:2:41:Infinity":12,"f:38:18:38:19":6,"s:38:29:38:Infinity":13}}}
,"D:\\My Files\\Projects_2026\\HDEMY_FH\\React\\react-gifs-app\\tests\\mocks\\giphy.response.data.ts": {"path":"D:\\My Files\\Projects_2026\\HDEMY_FH\\React\\react-gifs-app\\tests\\mocks\\giphy.response.data.ts","statementMap":{"0":{"start":{"line":1,"column":39},"end":{"line":2000,"column":null}}},"fnMap":{},"branchMap":{},"s":{"0":1},"f":{},"b":{},"meta":{"lastBranch":0,"lastFunction":0,"lastStatement":1,"seen":{"s:1:39:2000:Infinity":0}}}
}
